Determining if the pthread_create exist failed with the following output:
Change Dir: /home/amy/Desktop/outdoor_AGV/build/CMakeFiles/CMakeTmp

Run Build Command:"/usr/bin/make" "cmTC_92a51/fast"
/usr/bin/make -f CMakeFiles/cmTC_92a51.dir/build.make CMakeFiles/cmTC_92a51.dir/build
make[1]: Entering directory '/home/amy/Desktop/outdoor_AGV/build/CMakeFiles/CMakeTmp'
Building C object CMakeFiles/cmTC_92a51.dir/CheckSymbolExists.c.o
/usr/bin/cc    -o CMakeFiles/cmTC_92a51.dir/CheckSymbolExists.c.o   -c /home/amy/Desktop/outdoor_AGV/build/CMakeFiles/CMakeTmp/CheckSymbolExists.c
Linking C executable cmTC_92a51
/usr/bin/cmake -E cmake_link_script CMakeFiles/cmTC_92a51.dir/link.txt --verbose=1
/usr/bin/cc      -rdynamic CMakeFiles/cmTC_92a51.dir/CheckSymbolExists.c.o  -o cmTC_92a51 
CMakeFiles/cmTC_92a51.dir/CheckSymbolExists.c.o: In function `main':
CheckSymbolExists.c:(.text+0x1b): undefined reference to `pthread_create'
collect2: error: ld returned 1 exit status
CMakeFiles/cmTC_92a51.dir/build.make:97: recipe for target 'cmTC_92a51' failed
make[1]: *** [cmTC_92a51] Error 1
make[1]: Leaving directory '/home/amy/Desktop/outdoor_AGV/build/CMakeFiles/CMakeTmp'
Makefile:126: recipe for target 'cmTC_92a51/fast' failed
make: *** [cmTC_92a51/fast] Error 2

File /home/amy/Desktop/outdoor_AGV/build/CMakeFiles/CMakeTmp/CheckSymbolExists.c:
/* */
#include <pthread.h>

int main(int argc, char** argv)
{
  (void)argv;
#ifndef pthread_create
  return ((int*)(&pthread_create))[argc];
#else
  (void)argc;
  return 0;
#endif
}

Determining if the function pthread_create exists in the pthreads failed with the following output:
Change Dir: /home/amy/Desktop/outdoor_AGV/build/CMakeFiles/CMakeTmp

Run Build Command:"/usr/bin/make" "cmTC_f68d1/fast"
/usr/bin/make -f CMakeFiles/cmTC_f68d1.dir/build.make CMakeFiles/cmTC_f68d1.dir/build
make[1]: Entering directory '/home/amy/Desktop/outdoor_AGV/build/CMakeFiles/CMakeTmp'
Building C object CMakeFiles/cmTC_f68d1.dir/CheckFunctionExists.c.o
/usr/bin/cc   -DCHECK_FUNCTION_EXISTS=pthread_create   -o CMakeFiles/cmTC_f68d1.dir/CheckFunctionExists.c.o   -c /usr/share/cmake-3.10/Modules/CheckFunctionExists.c
Linking C executable cmTC_f68d1
/usr/bin/cmake -E cmake_link_script CMakeFiles/cmTC_f68d1.dir/link.txt --verbose=1
/usr/bin/cc  -DCHECK_FUNCTION_EXISTS=pthread_create    -rdynamic CMakeFiles/cmTC_f68d1.dir/CheckFunctionExists.c.o  -o cmTC_f68d1 -lpthreads 
/usr/bin/ld: cannot find -lpthreads
collect2: error: ld returned 1 exit status
CMakeFiles/cmTC_f68d1.dir/build.make:97: recipe for target 'cmTC_f68d1' failed
make[1]: *** [cmTC_f68d1] Error 1
make[1]: Leaving directory '/home/amy/Desktop/outdoor_AGV/build/CMakeFiles/CMakeTmp'
Makefile:126: recipe for target 'cmTC_f68d1/fast' failed
make: *** [cmTC_f68d1/fast] Error 2


Determining if the Q_WS_WIN exist failed with the following output:
Change Dir: /home/amy/Desktop/outdoor_AGV/build/CMakeFiles/CMakeTmp

Run Build Command:"/usr/bin/make" "cmTC_f9aad/fast"
/usr/bin/make -f CMakeFiles/cmTC_f9aad.dir/build.make CMakeFiles/cmTC_f9aad.dir/build
make[1]: Entering directory '/home/amy/Desktop/outdoor_AGV/build/CMakeFiles/CMakeTmp'
Building CXX object CMakeFiles/cmTC_f9aad.dir/CheckSymbolExists.cxx.o
/usr/bin/c++   -I/usr/include/qt4   -o CMakeFiles/cmTC_f9aad.dir/CheckSymbolExists.cxx.o -c /home/amy/Desktop/outdoor_AGV/build/CMakeFiles/CMakeTmp/CheckSymbolExists.cxx
/home/amy/Desktop/outdoor_AGV/build/CMakeFiles/CMakeTmp/CheckSymbolExists.cxx: In function ‘int main(int, char**)’:
/home/amy/Desktop/outdoor_AGV/build/CMakeFiles/CMakeTmp/CheckSymbolExists.cxx:8:19: error: ‘Q_WS_WIN’ was not declared in this scope
   return ((int*)(&Q_WS_WIN))[argc];
                   ^~~~~~~~
/home/amy/Desktop/outdoor_AGV/build/CMakeFiles/CMakeTmp/CheckSymbolExists.cxx:8:19: note: suggested alternative: ‘Q_WS_X11’
   return ((int*)(&Q_WS_WIN))[argc];
                   ^~~~~~~~
                   Q_WS_X11
CMakeFiles/cmTC_f9aad.dir/build.make:65: recipe for target 'CMakeFiles/cmTC_f9aad.dir/CheckSymbolExists.cxx.o' failed
make[1]: *** [CMakeFiles/cmTC_f9aad.dir/CheckSymbolExists.cxx.o] Error 1
make[1]: Leaving directory '/home/amy/Desktop/outdoor_AGV/build/CMakeFiles/CMakeTmp'
Makefile:126: recipe for target 'cmTC_f9aad/fast' failed
make: *** [cmTC_f9aad/fast] Error 2

File /home/amy/Desktop/outdoor_AGV/build/CMakeFiles/CMakeTmp/CheckSymbolExists.cxx:
/* */
#include <QtCore/qglobal.h>

int main(int argc, char** argv)
{
  (void)argv;
#ifndef Q_WS_WIN
  return ((int*)(&Q_WS_WIN))[argc];
#else
  (void)argc;
  return 0;
#endif
}

Determining if the Q_WS_QWS exist failed with the following output:
Change Dir: /home/amy/Desktop/outdoor_AGV/build/CMakeFiles/CMakeTmp

Run Build Command:"/usr/bin/make" "cmTC_a259d/fast"
/usr/bin/make -f CMakeFiles/cmTC_a259d.dir/build.make CMakeFiles/cmTC_a259d.dir/build
make[1]: Entering directory '/home/amy/Desktop/outdoor_AGV/build/CMakeFiles/CMakeTmp'
Building CXX object CMakeFiles/cmTC_a259d.dir/CheckSymbolExists.cxx.o
/usr/bin/c++   -I/usr/include/qt4   -o CMakeFiles/cmTC_a259d.dir/CheckSymbolExists.cxx.o -c /home/amy/Desktop/outdoor_AGV/build/CMakeFiles/CMakeTmp/CheckSymbolExists.cxx
/home/amy/Desktop/outdoor_AGV/build/CMakeFiles/CMakeTmp/CheckSymbolExists.cxx: In function ‘int main(int, char**)’:
/home/amy/Desktop/outdoor_AGV/build/CMakeFiles/CMakeTmp/CheckSymbolExists.cxx:8:19: error: ‘Q_WS_QWS’ was not declared in this scope
   return ((int*)(&Q_WS_QWS))[argc];
                   ^~~~~~~~
/home/amy/Desktop/outdoor_AGV/build/CMakeFiles/CMakeTmp/CheckSymbolExists.cxx:8:19: note: suggested alternative: ‘Q_WS_X11’
   return ((int*)(&Q_WS_QWS))[argc];
                   ^~~~~~~~
                   Q_WS_X11
CMakeFiles/cmTC_a259d.dir/build.make:65: recipe for target 'CMakeFiles/cmTC_a259d.dir/CheckSymbolExists.cxx.o' failed
make[1]: *** [CMakeFiles/cmTC_a259d.dir/CheckSymbolExists.cxx.o] Error 1
make[1]: Leaving directory '/home/amy/Desktop/outdoor_AGV/build/CMakeFiles/CMakeTmp'
Makefile:126: recipe for target 'cmTC_a259d/fast' failed
make: *** [cmTC_a259d/fast] Error 2

File /home/amy/Desktop/outdoor_AGV/build/CMakeFiles/CMakeTmp/CheckSymbolExists.cxx:
/* */
#include <QtCore/qglobal.h>

int main(int argc, char** argv)
{
  (void)argv;
#ifndef Q_WS_QWS
  return ((int*)(&Q_WS_QWS))[argc];
#else
  (void)argc;
  return 0;
#endif
}

Determining if the Q_WS_MAC exist failed with the following output:
Change Dir: /home/amy/Desktop/outdoor_AGV/build/CMakeFiles/CMakeTmp

Run Build Command:"/usr/bin/make" "cmTC_ec29f/fast"
/usr/bin/make -f CMakeFiles/cmTC_ec29f.dir/build.make CMakeFiles/cmTC_ec29f.dir/build
make[1]: Entering directory '/home/amy/Desktop/outdoor_AGV/build/CMakeFiles/CMakeTmp'
Building CXX object CMakeFiles/cmTC_ec29f.dir/CheckSymbolExists.cxx.o
/usr/bin/c++   -I/usr/include/qt4   -o CMakeFiles/cmTC_ec29f.dir/CheckSymbolExists.cxx.o -c /home/amy/Desktop/outdoor_AGV/build/CMakeFiles/CMakeTmp/CheckSymbolExists.cxx
/home/amy/Desktop/outdoor_AGV/build/CMakeFiles/CMakeTmp/CheckSymbolExists.cxx: In function ‘int main(int, char**)’:
/home/amy/Desktop/outdoor_AGV/build/CMakeFiles/CMakeTmp/CheckSymbolExists.cxx:8:19: error: ‘Q_WS_MAC’ was not declared in this scope
   return ((int*)(&Q_WS_MAC))[argc];
                   ^~~~~~~~
/home/amy/Desktop/outdoor_AGV/build/CMakeFiles/CMakeTmp/CheckSymbolExists.cxx:8:19: note: suggested alternative: ‘Q_WS_X11’
   return ((int*)(&Q_WS_MAC))[argc];
                   ^~~~~~~~
                   Q_WS_X11
CMakeFiles/cmTC_ec29f.dir/build.make:65: recipe for target 'CMakeFiles/cmTC_ec29f.dir/CheckSymbolExists.cxx.o' failed
make[1]: *** [CMakeFiles/cmTC_ec29f.dir/CheckSymbolExists.cxx.o] Error 1
make[1]: Leaving directory '/home/amy/Desktop/outdoor_AGV/build/CMakeFiles/CMakeTmp'
Makefile:126: recipe for target 'cmTC_ec29f/fast' failed
make: *** [cmTC_ec29f/fast] Error 2

File /home/amy/Desktop/outdoor_AGV/build/CMakeFiles/CMakeTmp/CheckSymbolExists.cxx:
/* */
#include <QtCore/qglobal.h>

int main(int argc, char** argv)
{
  (void)argv;
#ifndef Q_WS_MAC
  return ((int*)(&Q_WS_MAC))[argc];
#else
  (void)argc;
  return 0;
#endif
}

